PRT1
217
567
4 0 7 (2764.800293 1024 9216 ) (2048 1024 9216 ) (2048 1024 -9216 ) (2764.800293 1024 -9216 ) 
4 0 6 (2048 1024 -9216 ) (2048 1024 -96 ) (2048 1843.199951 -96 ) (2048 1843.199951 -9216 ) 
4 0 4 (2048 1024 -96 ) (2048 1024 9216 ) (2048 1536 9216 ) (2048 1536 -96 ) 
4 0 1 (2048 1536 9216 ) (2048 1843.199951 9216 ) (2048 1843.199951 -96 ) (2048 1536 -96 ) 
4 1 6 (1056 1843.199951 -96 ) (2048 1843.199951 -96 ) (2048 1536 -96 ) (1056 1536 -96 ) 
4 1 4 (1056 1536 -96 ) (2048 1536 -96 ) (2048 1536 9216 ) (1056 1536 9216 ) 
4 1 3 (1056 1536 384 ) (1056 1536 9216 ) (1056 1568 9216 ) (1056 1568 384 ) 
4 1 2 (1056 1843.199951 9216 ) (1056 1843.199951 -96 ) (1056 1568 -96 ) (1056 1568 9216 ) 
4 2 22 (1024 1568 9216 ) (1024 1843.199951 9216 ) (1024 1843.199951 -96 ) (1024 1568 -96 ) 
4 2 6 (1024 1568 -96 ) (1024 1843.199951 -96 ) (1056 1843.199951 -96 ) (1056 1568 -96 ) 
4 2 3 (1056 1568 384 ) (1056 1568 9216 ) (1024 1568 9216 ) (1024 1568 384 ) 
4 3 23 (1024 1536 9216 ) (1024 1568 9216 ) (1024 1568 384 ) (1024 1536 384 ) 
4 3 5 (1056 1536 384 ) (1056 1536 9216 ) (1024 1536 9216 ) (1024 1536 384 ) 
4 4 8 (2048 1024 -96 ) (2048 1024 9216 ) (1056 1024 9216 ) (1056 1024 -96 ) 
4 4 6 (1056 1536 -96 ) (2048 1536 -96 ) (2048 1024 -96 ) (1056 1024 -96 ) 
4 4 5 (1056 1536 9216 ) (1056 1536 384 ) (1056 1024 384 ) (1056 1024 9216 ) 
4 5 25 (1024 1024 384 ) (1024 1024 9216 ) (1024 1536 9216 ) (1024 1536 384 ) 
4 5 9 (1056 1024 9216 ) (1024 1024 9216 ) (1024 1024 384 ) (1056 1024 384 ) 
4 6 26 (1024 1024 -9216 ) (1024 1024 -96 ) (1024 1536 -96 ) (1024 1536 -9216 ) 
4 6 24 (1024 1536 -96 ) (1024 1843.199951 -96 ) (1024 1843.199951 -9216 ) (1024 1536 -9216 ) 
4 6 10 (2048 1024 -9216 ) (2048 1024 -96 ) (1024 1024 -96 ) (1024 1024 -9216 ) 
4 7 11 (2764.800293 0 -9216 ) (2764.800293 0 9216 ) (2048 0 9216 ) (2048 0 -9216 ) 
4 7 10 (2048 0 -9216 ) (2048 0 -96 ) (2048 1024 -96 ) (2048 1024 -9216 ) 
4 7 8 (2048 0 -96 ) (2048 0 9216 ) (2048 1024 9216 ) (2048 1024 -96 ) 
4 8 12 (1056 0 -96 ) (2048 0 -96 ) (2048 0 9216 ) (1056 0 9216 ) 
4 8 10 (2048 0 -96 ) (1056 0 -96 ) (1056 1024 -96 ) (2048 1024 -96 ) 
4 8 9 (1056 0 384 ) (1056 0 9216 ) (1056 1024 9216 ) (1056 1024 384 ) 
4 9 61 (1024 0 384 ) (1024 0 512 ) (1024 384 512 ) (1024 384 384 ) 
4 9 56 (1024 0 512 ) (1024 0 576 ) (1024 384 576 ) (1024 384 512 ) 
4 9 53 (1024 0 576 ) (1024 0 640 ) (1024 368 640 ) (1024 368 576 ) 
4 9 51 (1024 368 640 ) (1024 384 640 ) (1024 384 576 ) (1024 368 576 ) 
4 9 50 (1024 0 640 ) (1024 0 9216 ) (1024 384 9216 ) (1024 384 640 ) 
4 9 41 (1024 384 432 ) (1024 384 448 ) (1024 480 448 ) (1024 480 432 ) 
4 9 42 (1024 480 384 ) (1024 384 384 ) (1024 384 432 ) (1024 480 432 ) 
4 9 40 (1024 1024 448 ) (1024 1024 384 ) (1024 480 384 ) (1024 480 448 ) 
4 9 39 (1024 384 9216 ) (1024 1024 9216 ) (1024 1024 448 ) (1024 384 448 ) 
4 9 13 (1024 0 9216 ) (1024 0 384 ) (1056 0 384 ) (1056 0 9216 ) 
4 10 77 (1024 0 -9216 ) (1024 0 -128 ) (1024 384 -128 ) (1024 384 -9216 ) 
4 10 49 (1024 384 -96 ) (1024 1024 -96 ) (1024 1024 -9216 ) (1024 384 -9216 ) 
4 10 14 (1024 0 -96 ) (1024 0 -9216 ) (2048 0 -9216 ) (2048 0 -96 ) 
4 11 15 (2764.800293 -1024 -9216 ) (2764.800293 -1024 9216 ) (2048 -1024 9216 ) (2048 -1024 -9216 ) 
4 11 14 (2048 0 -96 ) (2048 0 -9216 ) (2048 -1024 -9216 ) (2048 -1024 -96 ) 
4 11 12 (2048 0 9216 ) (2048 0 -96 ) (2048 -1024 -96 ) (2048 -1024 9216 ) 
4 12 16 (1056 -1024 -96 ) (2048 -1024 -96 ) (2048 -1024 9216 ) (1056 -1024 9216 ) 
4 12 14 (2048 -1024 -96 ) (1056 -1024 -96 ) (1056 0 -96 ) (2048 0 -96 ) 
4 12 13 (1056 -1024 384 ) (1056 -1024 9216 ) (1056 0 9216 ) (1056 0 384 ) 
4 13 143 (1024 -480 448 ) (1024 -384 448 ) (1024 -384 432 ) (1024 -480 432 ) 
4 13 144 (1024 -384 432 ) (1024 -384 384 ) (1024 -480 384 ) (1024 -480 432 ) 
4 13 145 (1024 -1024 384 ) (1024 -1024 448 ) (1024 -480 448 ) (1024 -480 384 ) 
4 13 142 (1024 -1024 448 ) (1024 -1024 9216 ) (1024 -384 9216 ) (1024 -384 448 ) 
4 13 123 (1024 0 512 ) (1024 0 384 ) (1024 -384 384 ) (1024 -384 512 ) 
4 13 122 (1024 -368 512 ) (1024 -384 512 ) (1024 -384 576 ) (1024 -368 576 ) 
4 13 119 (1024 0 576 ) (1024 0 512 ) (1024 -368 512 ) (1024 -368 576 ) 
4 13 115 (1024 0 640 ) (1024 0 576 ) (1024 -384 576 ) (1024 -384 640 ) 
4 13 114 (1024 -384 9216 ) (1024 0 9216 ) (1024 0 640 ) (1024 -384 640 ) 
4 13 17 (1024 -1024 9216 ) (1024 -1024 384 ) (1056 -1024 384 ) (1056 -1024 9216 ) 
4 14 149 (1024 -1024 -9216 ) (1024 -1024 -96 ) (1024 -384 -96 ) (1024 -384 -9216 ) 
4 14 141 (1024 0 -128 ) (1024 0 -9216 ) (1024 -384 -9216 ) (1024 -384 -128 ) 
4 14 21 (1024 -1024 -96 ) (1024 -1024 -9216 ) (2048 -1024 -9216 ) (2048 -1024 -96 ) 
4 15 21 (2048 -1024 -96 ) (2048 -1024 -9216 ) (2048 -1843.199951 -9216 ) (2048 -1843.199951 -96 ) 
4 15 18 (2048 -1536 -96 ) (2048 -1843.199951 -96 ) (2048 -1843.199951 9216 ) (2048 -1536 9216 ) 
4 15 16 (2048 -1024 9216 ) (2048 -1024 -96 ) (2048 -1536 -96 ) (2048 -1536 9216 ) 
4 16 21 (1056 -1024 -96 ) (2048 -1024 -96 ) (2048 -1536 -96 ) (1056 -1536 -96 ) 
4 16 18 (1056 -1536 -96 ) (2048 -1536 -96 ) (2048 -1536 9216 ) (1056 -1536 9216 ) 
4 16 17 (1056 -1536 384 ) (1056 -1536 9216 ) (1056 -1024 9216 ) (1056 -1024 384 ) 
4 17 192 (1024 -1536 9216 ) (1024 -1024 9216 ) (1024 -1024 384 ) (1024 -1536 384 ) 
4 17 19 (1056 -1536 384 ) (1056 -1536 9216 ) (1024 -1536 9216 ) (1024 -1536 384 ) 
4 18 21 (2048 -1843.199951 -96 ) (1056 -1843.199951 -96 ) (1056 -1536 -96 ) (2048 -1536 -96 ) 
4 18 19 (1056 -1536 9216 ) (1056 -1536 384 ) (1056 -1568 384 ) (1056 -1568 9216 ) 
4 18 20 (1056 -1568 -96 ) (1056 -1843.199951 -96 ) (1056 -1843.199951 9216 ) (1056 -1568 9216 ) 
4 19 194 (1024 -1568 9216 ) (1024 -1536 9216 ) (1024 -1536 384 ) (1024 -1568 384 ) 
4 19 20 (1056 -1568 384 ) (1056 -1568 9216 ) (1024 -1568 9216 ) (1024 -1568 384 ) 
4 20 195 (1024 -1843.199951 -96 ) (1024 -1843.199951 9216 ) (1024 -1568 9216 ) (1024 -1568 -96 ) 
4 20 21 (1056 -1843.199951 -96 ) (1024 -1843.199951 -96 ) (1024 -1568 -96 ) (1056 -1568 -96 ) 
4 21 196 (1024 -1843.199951 -9216 ) (1024 -1843.199951 -96 ) (1024 -1536 -96 ) (1024 -1536 -9216 ) 
4 21 193 (1024 -1536 -96 ) (1024 -1024 -96 ) (1024 -1024 -9216 ) (1024 -1536 -9216 ) 
4 22 27 (0 1568 9216 ) (0 1843.199951 9216 ) (0 1843.199951 -96 ) (0 1568 -96 ) 
4 22 24 (0 1568 -96 ) (0 1843.199951 -96 ) (1024 1843.199951 -96 ) (1024 1568 -96 ) 
4 22 23 (1024 1568 384 ) (1024 1568 9216 ) (0 1568 9216 ) (0 1568 384 ) 
4 23 28 (0 1536 384 ) (0 1536 9216 ) (0 1568 9216 ) (0 1568 384 ) 
4 23 25 (1024 1536 384 ) (1024 1536 9216 ) (0 1536 9216 ) (0 1536 384 ) 
4 24 29 (0 1536 -9216 ) (0 1536 -96 ) (0 1843.199951 -96 ) (0 1843.199951 -9216 ) 
4 24 26 (1024 1536 -9216 ) (1024 1536 -96 ) (0 1536 -96 ) (0 1536 -9216 ) 
4 25 43 (1024 1024 0 ) (1024 1024 240 ) (0 1024 240 ) (0 1024 0 ) 
4 25 40 (1024 1024 240 ) (1024 1024 448 ) (0 1024 448 ) (0 1024 240 ) 
4 25 39 (1024 1024 448 ) (1024 1024 9216 ) (0 1024 9216 ) (0 1024 448 ) 
4 25 30 (0 1024 0 ) (0 1024 9216 ) (0 1536 9216 ) (0 1536 0 ) 
4 26 49 (1024 1024 -9216 ) (1024 1024 -32 ) (0 1024 -32 ) (0 1024 -9216 ) 
4 26 31 (0 1024 -9216 ) (0 1024 -32 ) (0 1536 -32 ) (0 1536 -9216 ) 
4 27 32 (-1024 1568 9216 ) (-1024 1843.199951 9216 ) (-1024 1843.199951 -96 ) (-1024 1568 -96 ) 
4 27 29 (-1024 1568 -96 ) (-1024 1843.199951 -96 ) (0 1843.199951 -96 ) (0 1568 -96 ) 
4 27 28 (0 1568 384 ) (0 1568 9216 ) (-1024 1568 9216 ) (-1024 1568 384 ) 
4 28 33 (-1024 1536 384 ) (-1024 1536 9216 ) (-1024 1568 9216 ) (-1024 1568 384 ) 
4 28 30 (0 1536 384 ) (0 1536 9216 ) (-1024 1536 9216 ) (-1024 1536 384 ) 
4 29 37 (-1024 1536 -9216 ) (-1024 1536 -96 ) (-1024 1843.199951 -96 ) (-1024 1843.199951 -9216 ) 
4 29 31 (0 1536 -9216 ) (0 1536 -96 ) (-1024 1536 -96 ) (-1024 1536 -9216 ) 
4 30 84 (0 1024 0 ) (0 1024 224 ) (-1024 1024 224 ) (-1024 1024 0 ) 
4 30 82 (0 1024 224 ) (0 1024 240 ) (-1024 1024 240 ) (-1024 1024 224 ) 
4 30 79 (0 1024 240 ) (0 1024 448 ) (-1024 1024 448 ) (-1024 1024 240 ) 
4 30 78 (0 1024 448 ) (0 1024 9216 ) (-1024 1024 9216 ) (-1024 1024 448 ) 
4 30 35 (-1024 1024 384 ) (-1024 1024 9216 ) (-1024 1536 9216 ) (-1024 1536 384 ) 
4 31 85 (0 1024 -9216 ) (0 1024 -32 ) (-1024 1024 -32 ) (-1024 1024 -9216 ) 
4 31 37 (-1024 1024 -9216 ) (-1024 1024 -96 ) (-1024 1536 -96 ) (-1024 1536 -9216 ) 
4 32 37 (-1056 1843.199951 -96 ) (-1024 1843.199951 -96 ) (-1024 1568 -96 ) (-1056 1568 -96 ) 
4 32 33 (-1056 1568 9216 ) (-1056 1568 384 ) (-1024 1568 384 ) (-1024 1568 9216 ) 
4 32 34 (-1056 1843.199951 9216 ) (-1056 1843.199951 -96 ) (-1056 1568 -96 ) (-1056 1568 9216 ) 
4 33 35 (-1024 1536 384 ) (-1024 1536 9216 ) (-1056 1536 9216 ) (-1056 1536 384 ) 
4 33 34 (-1056 1536 384 ) (-1056 1536 9216 ) (-1056 1568 9216 ) (-1056 1568 384 ) 
4 34 38 (-2048 1536 9216 ) (-2048 1843.199951 9216 ) (-2048 1843.199951 -96 ) (-2048 1536 -96 ) 
4 34 37 (-2048 1536 -96 ) (-2048 1843.199951 -96 ) (-1056 1843.199951 -96 ) (-1056 1536 -96 ) 
4 34 36 (-2048 1536 -96 ) (-1056 1536 -96 ) (-1056 1536 9216 ) (-2048 1536 9216 ) 
4 35 202 (-1024 1024 384 ) (-1024 1024 9216 ) (-1056 1024 9216 ) (-1056 1024 384 ) 
4 35 36 (-1056 1536 9216 ) (-1056 1536 384 ) (-1056 1024 384 ) (-1056 1024 9216 ) 
4 36 203 (-1056 1024 9216 ) (-2048 1024 9216 ) (-2048 1024 -96 ) (-1056 1024 -96 ) 
4 36 38 (-2048 1024 -96 ) (-2048 1024 9216 ) (-2048 1536 9216 ) (-2048 1536 -96 ) 
4 36 37 (-1056 1024 -96 ) (-2048 1024 -96 ) (-2048 1536 -96 ) (-1056 1536 -96 ) 
4 37 204 (-1024 1024 -9216 ) (-1024 1024 -96 ) (-2048 1024 -96 ) (-2048 1024 -9216 ) 
4 37 38 (-2048 1024 -9216 ) (-2048 1024 -96 ) (-2048 1843.199951 -96 ) (-2048 1843.199951 -9216 ) 
4 38 208 (-2048 1024 -9216 ) (-2048 1024 9216 ) (-2764.800293 1024 9216 ) (-2764.800293 1024 -9216 ) 
4 39 78 (0 384 448 ) (0 384 9216 ) (0 1024 9216 ) (0 1024 448 ) 
4 39 63 (384 384 496 ) (384 384 448 ) (480 384 448 ) (480 384 496 ) 
4 39 62 (480 384 512 ) (384 384 512 ) (384 384 496 ) (480 384 496 ) 
4 39 61 (1024 384 448 ) (1024 384 512 ) (480 384 512 ) (480 384 448 ) 
4 39 57 (480 384 576 ) (384 384 576 ) (384 384 512 ) (480 384 512 ) 
4 39 56 (1024 384 512 ) (1024 384 576 ) (480 384 576 ) (480 384 512 ) 
4 39 51 (1024 384 576 ) (1024 384 640 ) (384 384 640 ) (384 384 576 ) 
4 39 52 (256 384 640 ) (0 384 640 ) (0 384 576 ) (256 384 576 ) 
4 39 50 (1024 384 640 ) (1024 384 9216 ) (0 384 9216 ) (0 384 640 ) 
4 39 41 (1024 384 448 ) (480 384 448 ) (480 480 448 ) (1024 480 448 ) 
4 39 40 (0 480 448 ) (0 1024 448 ) (1024 1024 448 ) (1024 480 448 ) 
4 40 79 (0 480 448 ) (0 1024 448 ) (0 1024 240 ) (0 480 240 ) 
4 40 43 (0 480 240 ) (0 1024 240 ) (1024 1024 240 ) (1024 480 240 ) 
4 40 41 (1024 480 432 ) (1024 480 448 ) (480 480 448 ) (480 480 432 ) 
4 40 42 (0 480 240 ) (1024 480 240 ) (1024 480 432 ) (0 480 432 ) 
4 41 61 (1024 384 432 ) (1024 384 448 ) (480 384 448 ) (480 384 432 ) 
4 41 42 (1024 384 432 ) (480 384 432 ) (480 480 432 ) (1024 480 432 ) 
4 42 81 (0 384 240 ) (0 384 432 ) (0 480 432 ) (0 480 240 ) 
4 42 72 (480 384 256 ) (384 384 256 ) (384 384 240 ) (480 384 240 ) 
4 42 71 (1024 384 240 ) (1024 384 256 ) (480 384 256 ) (480 384 240 ) 
4 42 67 (96 384 416 ) (96 384 304 ) (224 384 304 ) (224 384 416 ) 
4 42 64 (480 384 432 ) (384 384 432 ) (384 384 256 ) (480 384 256 ) 
4 42 61 (1024 384 256 ) (1024 384 432 ) (480 384 432 ) (480 384 256 ) 
4 42 46 (384 384 240 ) (96 384 240 ) (96 480 240 ) (384 480 240 ) 
4 42 45 (480 384 240 ) (384 384 240 ) (384 480 240 ) (480 480 240 ) 
4 42 44 (1024 384 240 ) (480 384 240 ) (480 480 240 ) (1024 480 240 ) 
4 43 84 (0 1024 224 ) (0 1024 0 ) (0 480 0 ) (0 480 224 ) 
4 43 82 (0 480 240 ) (0 1024 240 ) (0 1024 224 ) (0 480 224 ) 
5 43 48 (0 480 0 ) (384 480 0 ) (384 480 48 ) (96 480 224 ) (0 480 224 ) 
3 43 47 (384 480 64 ) (384 480 224 ) (122.181763 480 224 ) 
4 43 46 (384 480 224 ) (384 480 240 ) (96 480 240 ) (122.181770 480 224 ) 
4 43 45 (480 480 64 ) (480 480 240 ) (384 480 240 ) (384 480 64 ) 
4 43 44 (480 480 0 ) (1024 480 0 ) (1024 480 240 ) (480 480 240 ) 
4 44 71 (1024 384 0 ) (1024 384 240 ) (480 384 240 ) (480 384 0 ) 
4 44 45 (480 480 240 ) (480 480 64 ) (480 384 64 ) (480 384 240 ) 
4 45 72 (480 384 240 ) (384 384 240 ) (384 384 64 ) (480 384 64 ) 
4 45 47 (384 480 224 ) (384 480 64 ) (384 384 64 ) (384 384 224 ) 
4 45 46 (384 480 240 ) (384 480 224 ) (384 384 224 ) (384 384 240 ) 
4 46 47 (122.181770 480 224 ) (384 480 224 ) (384 384 224 ) (122.181763 384 224 ) 
4 48 84 (0 384 0 ) (0 384 224 ) (0 480 224 ) (0 480 0 ) 
4 48 73 (0 384 192 ) (0 384 0 ) (96 384 0 ) (96 384 192 ) 
4 49 85 (0 384 -9216 ) (0 384 -32 ) (0 1024 -32 ) (0 1024 -9216 ) 
4 49 77 (1024 384 -9216 ) (1024 384 -128 ) (0 384 -128 ) (0 384 -9216 ) 
4 50 114 (1024 0 640 ) (1024 0 9216 ) (0 0 9216 ) (0 0 640 ) 
4 50 86 (0 0 640 ) (0 0 9216 ) (0 384 9216 ) (0 384 640 ) 
4 50 54 (384 0 640 ) (368 0 640 ) (368 256 640 ) (384 256 640 ) 
4 50 53 (1024 0 640 ) (384 0 640 ) (384 368 640 ) (1024 368 640 ) 
4 50 55 (368 0 640 ) (0 0 640 ) (0 368 640 ) (368 368 640 ) 
4 50 51 (384 384 640 ) (1024 384 640 ) (1024 368 640 ) (384 368 640 ) 
4 50 52 (0 368 640 ) (0 384 640 ) (256 384 640 ) (256 368 640 ) 
4 51 57 (384 384 576 ) (480 384 576 ) (480 368 576 ) (384 368 576 ) 
4 51 56 (480 384 576 ) (1024 384 576 ) (1024 368 576 ) (480 368 576 ) 
4 51 53 (384 368 576 ) (1024 368 576 ) (1024 368 640 ) (384 368 640 ) 
4 52 87 (0 368 640 ) (0 384 640 ) (0 384 576 ) (0 368 576 ) 
4 52 55 (0 368 576 ) (256 368 576 ) (256 368 640 ) (0 368 640 ) 
4 53 115 (1024 0 576 ) (1024 0 640 ) (384 0 640 ) (384 0 576 ) 
4 53 57 (384 368 576 ) (480 368 576 ) (480 80 576 ) (384 80 576 ) 
4 53 58 (480 64 576 ) (480 0 576 ) (384 0 576 ) (384 64 576 ) 
4 53 56 (480 368 576 ) (1024 368 576 ) (1024 0 576 ) (480 0 576 ) 
4 53 54 (384 256 576 ) (384 0 576 ) (384 0 640 ) (384 256 640 ) 
4 54 116 (384 0 640 ) (368 0 640 ) (368 0 576 ) (384 0 576 ) 
4 54 59 (384 64 576 ) (384 0 576 ) (368 0 576 ) (368 64 576 ) 
4 54 55 (368 256 576 ) (368 0 576 ) (368 0 640 ) (368 256 640 ) 
4 55 117 (368 0 640 ) (256 0 640 ) (256 0 576 ) (368 0 576 ) 
4 55 118 (256 0 640 ) (0 0 640 ) (0 0 576 ) (256 0 576 ) 
4 55 87 (0 0 576 ) (0 0 640 ) (0 368 640 ) (0 368 576 ) 
4 55 59 (368 64 576 ) (368 0 576 ) (352 0 576 ) (352 64 576 ) 
4 55 60 (0 0 576 ) (0 368 576 ) (352 368 576 ) (352 0 576 ) 
4 56 119 (1024 0 512 ) (1024 0 576 ) (480 0 576 ) (480 0 512 ) 
4 56 61 (1024 0 512 ) (480 0 512 ) (480 384 512 ) (1024 384 512 ) 
4 56 57 (480 384 512 ) (480 80 512 ) (480 80 576 ) (480 384 576 ) 
4 56 58 (480 64 512 ) (480 0 512 ) (480 0 576 ) (480 64 576 ) 
4 57 62 (384 80 512 ) (384 384 512 ) (480 384 512 ) (480 80 512 ) 
4 58 119 (480 0 576 ) (384 0 576 ) (384 0 512 ) (480 0 512 ) 
4 58 59 (384 64 512 ) (384 0 512 ) (384 0 576 ) (384 64 576 ) 
4 59 120 (384 0 576 ) (368 0 576 ) (368 0 512 ) (384 0 512 ) 
4 59 121 (368 0 576 ) (352 0 576 ) (352 0 512 ) (368 0 512 ) 
4 59 60 (352 64 512 ) (352 0 512 ) (352 0 576 ) (352 64 576 ) 
4 60 121 (352 0 576 ) (0 0 576 ) (0 0 512 ) (352 0 512 ) 
4 60 92 (0 0 512 ) (0 0 576 ) (0 368 576 ) (0 368 512 ) 
4 60 65 (256 64 512 ) (256 256 512 ) (352 256 512 ) (352 64 512 ) 
4 61 123 (1024 0 256 ) (1024 0 512 ) (480 0 512 ) (480 0 256 ) 
4 61 71 (480 384 256 ) (1024 384 256 ) (1024 0 256 ) (480 0 256 ) 
4 61 64 (480 384 256 ) (480 0 256 ) (480 0 328 ) (480 384 432 ) 
4 61 63 (480 0 344 ) (480 0 496 ) (480 384 496 ) (480 384 448 ) 
4 61 62 (480 64 512 ) (480 384 512 ) (480 384 496 ) (480 64 496 ) 
4 62 63 (384 64 496 ) (384 384 496 ) (480 384 496 ) (480 64 496 ) 
4 63 126 (384 0 496 ) (384 0 344 ) (480 0 344 ) (480 0 496 ) 
4 64 127 (384 0 328 ) (384 0 256 ) (480 0 256 ) (480 0 328 ) 
4 64 72 (384 384 256 ) (480 384 256 ) (480 0 256 ) (384 0 256 ) 
3 65 68 (256 217.600006 480 ) (256 64 352 ) (256 64 480 ) 
4 65 66 (256 64 496 ) (256 64 352 ) (352 64 352 ) (352 64 496 ) 
4 66 128 (256 0 496 ) (256 0 352 ) (352 0 352 ) (352 0 496 ) 
4 66 70 (256 0 352 ) (256 0 480 ) (256 64 480 ) (256 64 352 ) 
4 67 68 (224 352 304 ) (224 352 416 ) (128 352 416 ) (128 352 304 ) 
4 67 69 (128 352 416 ) (96 352 416 ) (96 352 304 ) (128 352 304 ) 
4 68 70 (256 64 352 ) (256 64 480 ) (128 64 480 ) (128 64 352 ) 
5 68 69 (128 64 352 ) (128 64 480 ) (128 352 480 ) (128 352 256 ) (128 256 256 ) 
4 69 96 (0 352 480 ) (0 352 256 ) (0 64 256 ) (0 64 480 ) 
4 69 70 (128 64 352 ) (128 64 480 ) (64 64 480 ) (64 64 352 ) 
4 70 130 (256 0 352 ) (256 0 480 ) (64 0 480 ) (64 0 352 ) 
4 71 134 (1024 0 0 ) (1024 0 256 ) (480 0 256 ) (480 0 0 ) 
4 71 76 (1024 0 0 ) (512 0 0 ) (512 384 0 ) (1024 384 0 ) 
5 71 72 (480 256 0 ) (480 0 0 ) (480 0 256 ) (480 384 256 ) (480 384 64 ) 
4 72 136 (480 0 256 ) (384 0 256 ) (384 0 0 ) (480 0 0 ) 
4 73 103 (0 384 192 ) (0 384 0 ) (0 352 0 ) (0 352 192 ) 
4 73 75 (0 352 0 ) (64 352 0 ) (64 352 192 ) (0 352 192 ) 
4 73 74 (64 352 0 ) (96 352 0 ) (96 352 192 ) (64 352 192 ) 
4 74 137 (64 0 0 ) (352 0 0 ) (352 0 224 ) (64 0 224 ) 
4 74 75 (64 64 224 ) (64 352 224 ) (64 352 0 ) (64 64 0 ) 
4 75 104 (0 64 224 ) (0 352 224 ) (0 352 0 ) (0 64 0 ) 
4 76 140 (1024 0 -96 ) (1024 0 0 ) (512 0 0 ) (512 0 -96 ) 
4 77 141 (1024 0 -9216 ) (1024 0 -128 ) (0 0 -128 ) (0 0 -9216 ) 
4 77 113 (0 0 -9216 ) (0 0 -128 ) (0 384 -128 ) (0 384 -9216 ) 
4 78 202 (-1024 1024 9216 ) (-1024 1024 448 ) (-1024 384 448 ) (-1024 384 9216 ) 
4 78 101 (-480 384 448 ) (-384 384 448 ) (-384 384 496 ) (-480 384 496 ) 
4 78 100 (-384 384 496 ) (-384 384 512 ) (-480 384 512 ) (-480 384 496 ) 
4 78 102 (-1024 384 512 ) (-1024 384 448 ) (-480 384 448 ) (-480 384 512 ) 
4 78 91 (-1024 384 576 ) (-1024 384 512 ) (-384 384 512 ) (-384 384 576 ) 
4 78 90 (-1024 384 640 ) (-1024 384 576 ) (-384 384 576 ) (-384 384 640 ) 
4 78 87 (-256 384 576 ) (0 384 576 ) (0 384 640 ) (-256 384 640 ) 
4 78 86 (-1024 384 9216 ) (-1024 384 640 ) (0 384 640 ) (0 384 9216 ) 
4 78 80 (-480 384 448 ) (-1024 384 448 ) (-1024 480 448 ) (-480 480 448 ) 
4 78 79 (-1024 480 448 ) (-1024 1024 448 ) (0 1024 448 ) (0 480 448 ) 
4 79 202 (-1024 1024 448 ) (-1024 1024 384 ) (-1024 480 384 ) (-1024 480 448 ) 
4 79 82 (-1024 480 240 ) (-1024 1024 240 ) (0 1024 240 ) (0 480 240 ) 
4 79 80 (-480 480 448 ) (-1024 480 448 ) (-1024 480 432 ) (-480 480 432 ) 
4 79 81 (-1024 480 240 ) (0 480 240 ) (0 480 432 ) (-1024 480 432 ) 
4 80 202 (-1024 384 432 ) (-1024 384 448 ) (-1024 480 448 ) (-1024 480 432 ) 
4 80 102 (-1024 384 448 ) (-1024 384 432 ) (-480 384 432 ) (-480 384 448 ) 
4 80 81 (-480 384 432 ) (-1024 384 432 ) (-1024 480 432 ) (-480 480 432 ) 
4 81 202 (-1024 384 384 ) (-1024 384 432 ) (-1024 480 432 ) (-1024 480 384 ) 
4 81 109 (-480 384 240 ) (-384 384 240 ) (-384 384 256 ) (-480 384 256 ) 
4 81 111 (-1024 384 256 ) (-1024 384 240 ) (-480 384 240 ) (-480 384 256 ) 
4 81 98 (-480 384 256 ) (-384 384 256 ) (-384 384 432 ) (-480 384 432 ) 
4 81 102 (-1024 384 432 ) (-1024 384 256 ) (-480 384 256 ) (-480 384 432 ) 
4 81 95 (-96 384 304 ) (-96 384 416 ) (-224 384 416 ) (-224 384 304 ) 
4 81 83 (-480 384 240 ) (-1024 384 240 ) (-1024 480 240 ) (-480 480 240 ) 
4 82 84 (-1024 480 224 ) (-1024 1024 224 ) (0 1024 224 ) (0 480 224 ) 
4 82 83 (-1024 480 224 ) (-480 480 224 ) (-480 480 240 ) (-1024 480 240 ) 
4 83 111 (-1024 384 240 ) (-1024 384 224 ) (-480 384 224 ) (-480 384 240 ) 
4 83 84 (-480 384 224 ) (-1024 384 224 ) (-1024 480 224 ) (-480 480 224 ) 
4 84 110 (-480 384 0 ) (-384 384 0 ) (-384 384 224 ) (-480 384 224 ) 
4 84 111 (-1024 384 224 ) (-1024 384 0 ) (-480 384 0 ) (-480 384 224 ) 
4 84 103 (-96 384 0 ) (0 384 0 ) (0 384 192 ) (-96 384 192 ) 
4 85 204 (-1024 1024 -96 ) (-1024 1024 -9216 ) (-1024 384 -9216 ) (-1024 384 -96 ) 
4 85 113 (-1024 384 -128 ) (-1024 384 -9216 ) (0 384 -9216 ) (0 384 -128 ) 
4 86 202 (-1024 0 640 ) (-1024 0 9216 ) (-1024 384 9216 ) (-1024 384 640 ) 
4 86 150 (-1024 0 9216 ) (-1024 0 640 ) (0 0 640 ) (0 0 9216 ) 
4 86 89 (-368 256 640 ) (-368 0 640 ) (-384 0 640 ) (-384 256 640 ) 
4 86 90 (-1024 384 640 ) (-384 384 640 ) (-384 0 640 ) (-1024 0 640 ) 
4 86 88 (-256 368 640 ) (-256 0 640 ) (-368 0 640 ) (-368 368 640 ) 
4 86 87 (-256 384 640 ) (0 384 640 ) (0 0 640 ) (-256 0 640 ) 
4 87 151 (-256 0 576 ) (0 0 576 ) (0 0 640 ) (-256 0 640 ) 
4 87 92 (0 0 576 ) (-256 0 576 ) (-256 368 576 ) (0 368 576 ) 
4 87 88 (-256 368 576 ) (-256 0 576 ) (-256 0 640 ) (-256 368 640 ) 
4 88 151 (-368 0 576 ) (-256 0 576 ) (-256 0 640 ) (-368 0 640 ) 
4 88 92 (-256 0 576 ) (-368 0 576 ) (-368 368 576 ) (-256 368 576 ) 
4 88 89 (-368 256 576 ) (-368 0 576 ) (-368 0 640 ) (-368 256 640 ) 
4 89 152 (-384 0 576 ) (-368 0 576 ) (-368 0 640 ) (-384 0 640 ) 
4 89 93 (-368 0 576 ) (-384 0 576 ) (-384 64 576 ) (-368 64 576 ) 
4 89 90 (-384 256 576 ) (-384 0 576 ) (-384 0 640 ) (-384 256 640 ) 
4 90 202 (-1024 0 576 ) (-1024 0 640 ) (-1024 384 640 ) (-1024 384 576 ) 
4 90 153 (-1024 0 640 ) (-1024 0 576 ) (-384 0 576 ) (-384 0 640 ) 
4 90 94 (-384 0 576 ) (-1024 0 576 ) (-1024 368 576 ) (-384 368 576 ) 
4 90 91 (-1024 368 576 ) (-1024 384 576 ) (-384 384 576 ) (-384 368 576 ) 
4 91 202 (-1024 368 576 ) (-1024 384 576 ) (-1024 384 512 ) (-1024 368 512 ) 
4 91 100 (-480 384 512 ) (-384 384 512 ) (-384 368 512 ) (-480 368 512 ) 
4 91 102 (-1024 384 512 ) (-480 384 512 ) (-480 368 512 ) (-1024 368 512 ) 
4 91 94 (-1024 368 512 ) (-384 368 512 ) (-384 368 576 ) (-1024 368 576 ) 
4 92 156 (-368 0 512 ) (0 0 512 ) (0 0 576 ) (-368 0 576 ) 
4 92 93 (-368 64 512 ) (-368 0 512 ) (-368 0 576 ) (-368 64 576 ) 
4 93 157 (-384 0 512 ) (-368 0 512 ) (-368 0 576 ) (-384 0 576 ) 
4 93 94 (-384 64 512 ) (-384 0 512 ) (-384 0 576 ) (-384 64 576 ) 
4 94 202 (-1024 0 512 ) (-1024 0 576 ) (-1024 368 576 ) (-1024 368 512 ) 
4 94 158 (-480 0 512 ) (-384 0 512 ) (-384 0 576 ) (-480 0 576 ) 
4 94 160 (-1024 0 576 ) (-1024 0 512 ) (-480 0 512 ) (-480 0 576 ) 
4 94 100 (-480 64 512 ) (-480 368 512 ) (-384 368 512 ) (-384 64 512 ) 
4 94 102 (-480 0 512 ) (-1024 0 512 ) (-1024 368 512 ) (-480 368 512 ) 
4 95 97 (-96 352 304 ) (-96 352 416 ) (-224 352 416 ) (-224 352 304 ) 
4 96 97 (-64 64 480 ) (-64 352 480 ) (-64 352 256 ) (-64 64 256 ) 
4 97 162 (-352 0 256 ) (-64 0 256 ) (-64 0 480 ) (-352 0 480 ) 
4 97 107 (-352 64 256 ) (-352 256 256 ) (-256 256 256 ) (-256 64 256 ) 
4 98 164 (-384 0 344 ) (-384 0 496 ) (-480 0 496 ) (-480 0 344 ) 
4 98 109 (-480 324.923035 256 ) (-480 384 256 ) (-384 384 256 ) (-384 324.923035 256 ) 
6 98 102 (-480 384 256 ) (-480 324.923035 256 ) (-480 0 344 ) (-480 0 496 ) (-480 64 496 ) (-480 384 432 ) 
4 99 165 (-480 0 256 ) (-384 0 256 ) (-384 0 328 ) (-480 0 328 ) 
4 99 110 (-384 0 256 ) (-480 0 256 ) (-480 265.846161 256 ) (-384 265.846161 256 ) 
3 99 102 (-480 265.846161 256 ) (-480 0 256 ) (-480 0 328 ) 
4 100 101 (-480 144 496 ) (-480 384 496 ) (-384 384 496 ) (-384 144 496 ) 
4 100 102 (-480 64 512 ) (-480 384 512 ) (-480 384 496 ) (-480 144 496 ) 
3 101 102 (-480 384 496 ) (-480 384 448 ) (-480 144 496 ) 
4 102 202 (-1024 0 384 ) (-1024 0 512 ) (-1024 384 512 ) (-1024 384 384 ) 
4 102 166 (-1024 0 512 ) (-1024 0 256 ) (-480 0 256 ) (-480 0 512 ) 
4 102 111 (-480 0 256 ) (-1024 0 256 ) (-1024 384 256 ) (-480 384 256 ) 
4 103 104 (-96 352 0 ) (0 352 0 ) (0 352 192 ) (-96 352 192 ) 
4 104 106 (-64 64 96 ) (-64 64 224 ) (-128 64 224 ) (-128 64 96 ) 
5 104 105 (-128 64 96 ) (-128 64 224 ) (-128 352 224 ) (-128 352 0 ) (-128 256 0 ) 
3 105 107 (-256 64 96 ) (-256 64 224 ) (-256 217.599991 224 ) 
4 105 106 (-256 64 224 ) (-256 64 96 ) (-128 64 96 ) (-128 64 224 ) 
4 106 171 (-64 0 96 ) (-64 0 224 ) (-256 0 224 ) (-256 0 96 ) 
4 106 108 (-256 0 96 ) (-256 0 224 ) (-256 64 224 ) (-256 64 96 ) 
4 107 108 (-352 64 224 ) (-352 64 96 ) (-256 64 96 ) (-256 64 224 ) 
4 108 175 (-256 0 96 ) (-256 0 224 ) (-352 0 224 ) (-352 0 96 ) 
3 109 111 (-480 324.923035 256 ) (-480 384 256 ) (-480 384 240 ) 
4 110 177 (-480 0 0 ) (-384 0 0 ) (-384 0 256 ) (-480 0 256 ) 
5 110 111 (-480 384 0 ) (-480 0 0 ) (-480 0 256 ) (-480 265.846161 256 ) (-480 384 224 ) 
4 111 178 (-1024 0 256 ) (-1024 0 0 ) (-480 0 0 ) (-480 0 256 ) 
4 111 112 (-1024 384 0 ) (-512 384 0 ) (-512 0 0 ) (-1024 0 0 ) 
4 112 179 (-1024 0 0 ) (-1024 0 -96 ) (-512 0 -96 ) (-512 0 0 ) 
4 113 204 (-1024 0 -9216 ) (-1024 0 -128 ) (-1024 384 -128 ) (-1024 384 -9216 ) 
4 113 180 (-1024 0 -128 ) (-1024 0 -9216 ) (0 0 -9216 ) (0 0 -128 ) 
4 114 150 (0 0 9216 ) (0 0 640 ) (0 -384 640 ) (0 -384 9216 ) 
4 114 142 (1024 -384 640 ) (1024 -384 9216 ) (0 -384 9216 ) (0 -384 640 ) 
4 114 117 (256 -368 640 ) (256 0 640 ) (368 0 640 ) (368 -368 640 ) 
4 114 118 (256 -384 640 ) (0 -384 640 ) (0 0 640 ) (256 0 640 ) 
4 114 116 (368 -256 640 ) (368 0 640 ) (384 0 640 ) (384 -256 640 ) 
4 114 115 (1024 -384 640 ) (384 -384 640 ) (384 0 640 ) (1024 0 640 ) 
4 115 142 (1024 -384 576 ) (1024 -384 640 ) (384 -384 640 ) (384 -384 576 ) 
4 115 122 (1024 -384 576 ) (384 -384 576 ) (384 -368 576 ) (1024 -368 576 ) 
4 115 119 (384 -368 576 ) (384 0 576 ) (1024 0 576 ) (1024 -368 576 ) 
4 115 116 (384 0 576 ) (384 -256 576 ) (384 -256 640 ) (384 0 640 ) 
4 116 120 (368 -64 576 ) (368 0 576 ) (384 0 576 ) (384 -64 576 ) 
4 116 117 (368 0 576 ) (368 -256 576 ) (368 -256 640 ) (368 0 640 ) 
4 117 121 (256 -368 576 ) (256 0 576 ) (368 0 576 ) (368 -368 576 ) 
4 117 118 (256 0 576 ) (256 -368 576 ) (256 -368 640 ) (256 0 640 ) 
4 118 154 (0 -368 576 ) (0 -384 576 ) (0 -384 640 ) (0 -368 640 ) 
4 118 151 (0 0 640 ) (0 0 576 ) (0 -368 576 ) (0 -368 640 ) 
4 118 142 (256 -384 640 ) (0 -384 640 ) (0 -384 576 ) (256 -384 576 ) 
4 118 121 (0 -368 576 ) (0 0 576 ) (256 0 576 ) (256 -368 576 ) 
4 119 124 (480 -64 512 ) (480 -368 512 ) (384 -368 512 ) (384 -64 512 ) 
4 119 123 (480 0 512 ) (1024 0 512 ) (1024 -368 512 ) (480 -368 512 ) 
4 119 122 (384 -368 512 ) (1024 -368 512 ) (1024 -368 576 ) (384 -368 576 ) 
4 119 120 (384 0 512 ) (384 -64 512 ) (384 -64 576 ) (384 0 576 ) 
4 120 121 (368 0 512 ) (368 -64 512 ) (368 -64 576 ) (368 0 576 ) 
4 121 156 (0 0 576 ) (0 0 512 ) (0 -368 512 ) (0 -368 576 ) 
4 121 129 (352 -64 512 ) (352 -256 512 ) (256 -256 512 ) (256 -64 512 ) 
4 122 142 (1024 -384 512 ) (1024 -384 576 ) (384 -384 576 ) (384 -384 512 ) 
4 122 124 (480 -384 512 ) (384 -384 512 ) (384 -368 512 ) (480 -368 512 ) 
4 122 123 (1024 -384 512 ) (480 -384 512 ) (480 -368 512 ) (1024 -368 512 ) 
4 123 143 (1024 -384 432 ) (1024 -384 448 ) (480 -384 448 ) (480 -384 432 ) 
4 123 144 (1024 -384 256 ) (1024 -384 432 ) (480 -384 432 ) (480 -384 256 ) 
4 123 142 (1024 -384 448 ) (1024 -384 512 ) (480 -384 512 ) (480 -384 448 ) 
4 123 134 (1024 -384 256 ) (480 -384 256 ) (480 0 256 ) (1024 0 256 ) 
3 123 127 (480 0 256 ) (480 -265.846161 256 ) (480 0 328 ) 
6 123 126 (480 -324.923035 256 ) (480 -384 256 ) (480 -384 432 ) (480 -64 496 ) (480 0 496 ) (480 0 344 ) 
3 123 125 (480 -384 448 ) (480 -384 496 ) (480 -144 496 ) 
4 123 124 (480 -384 496 ) (480 -384 512 ) (480 -64 512 ) (480 -144 496 ) 
4 124 142 (480 -384 512 ) (384 -384 512 ) (384 -384 496 ) (480 -384 496 ) 
4 124 125 (384 -384 496 ) (384 -144 496 ) (480 -144 496 ) (480 -384 496 ) 
4 125 142 (384 -384 496 ) (384 -384 448 ) (480 -384 448 ) (480 -384 496 ) 
4 126 144 (384 -384 432 ) (384 -384 256 ) (480 -384 256 ) (480 -384 432 ) 
4 126 135 (480 -384 256 ) (384 -384 256 ) (384 -324.923035 256 ) (480 -324.923035 256 ) 
4 127 136 (384 -265.846161 256 ) (384 0 256 ) (480 0 256 ) (480 -265.846161 256 ) 
4 128 130 (256 0 480 ) (256 0 352 ) (256 -64 352 ) (256 -64 480 ) 
4 128 129 (256 -64 496 ) (256 -64 352 ) (352 -64 352 ) (352 -64 496 ) 
3 129 131 (256 -64 480 ) (256 -64 352 ) (256 -217.600006 480 ) 
4 130 131 (256 -64 352 ) (256 -64 480 ) (128 -64 480 ) (128 -64 352 ) 
4 130 132 (128 -64 480 ) (64 -64 480 ) (64 -64 352 ) (128 -64 352 ) 
4 131 133 (224 -352 304 ) (224 -352 416 ) (128 -352 416 ) (128 -352 304 ) 
5 131 132 (128 -352 256 ) (128 -352 480 ) (128 -64 480 ) (128 -64 352 ) (128 -256 256 ) 
4 132 161 (0 -64 256 ) (0 -352 256 ) (0 -352 480 ) (0 -64 480 ) 
4 132 133 (128 -352 304 ) (128 -352 416 ) (96 -352 416 ) (96 -352 304 ) 
4 133 144 (96 -384 416 ) (96 -384 304 ) (224 -384 304 ) (224 -384 416 ) 
4 134 148 (1024 -384 0 ) (1024 -384 224 ) (480 -384 224 ) (480 -384 0 ) 
4 134 146 (1024 -384 224 ) (1024 -384 240 ) (480 -384 240 ) (480 -384 224 ) 
4 134 144 (1024 -384 240 ) (1024 -384 256 ) (480 -384 256 ) (480 -384 240 ) 
4 134 140 (1024 -384 0 ) (512 -384 0 ) (512 0 0 ) (1024 0 0 ) 
5 134 136 (480 0 0 ) (480 -384 0 ) (480 -384 224 ) (480 -265.846161 256 ) (480 0 256 ) 
3 134 135 (480 -384 240 ) (480 -384 256 ) (480 -324.923035 256 ) 
4 135 144 (480 -384 256 ) (384 -384 256 ) (384 -384 240 ) (480 -384 240 ) 
4 136 148 (384 -384 224 ) (384 -384 0 ) (480 -384 0 ) (480 -384 224 ) 
4 137 139 (64 -352 0 ) (96 -352 0 ) (96 -352 192 ) (64 -352 192 ) 
4 137 138 (64 -64 0 ) (64 -352 0 ) (64 -352 224 ) (64 -64 224 ) 
4 138 172 (0 -64 0 ) (0 -352 0 ) (0 -352 224 ) (0 -64 224 ) 
4 138 139 (0 -352 0 ) (64 -352 0 ) (64 -352 192 ) (0 -352 192 ) 
4 139 174 (0 -352 0 ) (0 -384 0 ) (0 -384 192 ) (0 -352 192 ) 
4 139 148 (0 -384 192 ) (0 -384 0 ) (96 -384 0 ) (96 -384 192 ) 
4 141 180 (0 0 -128 ) (0 0 -9216 ) (0 -384 -9216 ) (0 -384 -128 ) 
4 141 149 (1024 -384 -9216 ) (1024 -384 -128 ) (0 -384 -128 ) (0 -384 -9216 ) 
4 142 192 (1024 -1024 448 ) (1024 -1024 9216 ) (0 -1024 9216 ) (0 -1024 448 ) 
4 142 181 (0 -1024 448 ) (0 -1024 9216 ) (0 -384 9216 ) (0 -384 448 ) 
4 142 143 (480 -384 448 ) (1024 -384 448 ) (1024 -480 448 ) (480 -480 448 ) 
4 142 145 (1024 -480 448 ) (1024 -1024 448 ) (0 -1024 448 ) (0 -480 448 ) 
4 143 144 (1024 -480 432 ) (480 -480 432 ) (480 -384 432 ) (1024 -384 432 ) 
4 143 145 (1024 -480 432 ) (1024 -480 448 ) (480 -480 448 ) (480 -480 432 ) 
4 144 184 (0 -384 432 ) (0 -384 240 ) (0 -480 240 ) (0 -480 432 ) 
4 144 146 (480 -384 240 ) (1024 -384 240 ) (1024 -480 240 ) (480 -480 240 ) 
4 144 145 (0 -480 240 ) (1024 -480 240 ) (1024 -480 432 ) (0 -480 432 ) 
4 145 192 (1024 -1024 240 ) (1024 -1024 448 ) (0 -1024 448 ) (0 -1024 240 ) 
4 145 190 (0 -1024 240 ) (0 -1024 432 ) (0 -480 432 ) (0 -480 240 ) 
4 145 183 (0 -1024 432 ) (0 -1024 448 ) (0 -480 448 ) (0 -480 432 ) 
4 145 147 (1024 -1024 240 ) (0 -1024 240 ) (0 -480 240 ) (1024 -480 240 ) 
4 146 148 (480 -384 224 ) (1024 -384 224 ) (1024 -480 224 ) (480 -480 224 ) 
4 146 147 (480 -480 224 ) (1024 -480 224 ) (1024 -480 240 ) (480 -480 240 ) 
4 147 192 (1024 -1024 224 ) (1024 -1024 240 ) (0 -1024 240 ) (0 -1024 224 ) 
4 147 190 (0 -1024 224 ) (0 -1024 240 ) (0 -480 240 ) (0 -480 224 ) 
4 147 148 (1024 -480 224 ) (1024 -1024 224 ) (0 -1024 224 ) (0 -480 224 ) 
4 148 192 (1024 -1024 0 ) (1024 -1024 224 ) (0 -1024 224 ) (0 -1024 0 ) 
4 148 187 (0 -480 224 ) (0 -384 224 ) (0 -384 0 ) (0 -480 0 ) 
4 148 190 (0 -1024 0 ) (0 -1024 224 ) (0 -480 224 ) (0 -480 0 ) 
4 149 193 (1024 -1024 -9216 ) (1024 -1024 -32 ) (0 -1024 -32 ) (0 -1024 -9216 ) 
4 149 191 (0 -1024 -9216 ) (0 -1024 -32 ) (0 -384 -32 ) (0 -384 -9216 ) 
4 150 205 (-1024 -384 640 ) (-1024 -384 9216 ) (-1024 0 9216 ) (-1024 0 640 ) 
4 150 181 (-1024 -384 9216 ) (-1024 -384 640 ) (0 -384 640 ) (0 -384 9216 ) 
4 150 154 (0 -384 640 ) (-256 -384 640 ) (-256 -368 640 ) (0 -368 640 ) 
4 150 155 (-384 -384 640 ) (-1024 -384 640 ) (-1024 -368 640 ) (-384 -368 640 ) 
4 150 152 (-384 0 640 ) (-368 0 640 ) (-368 -256 640 ) (-384 -256 640 ) 
4 150 151 (-368 0 640 ) (0 0 640 ) (0 -368 640 ) (-368 -368 640 ) 
4 150 153 (-1024 -368 640 ) (-1024 0 640 ) (-384 0 640 ) (-384 -368 640 ) 
4 151 156 (-368 0 576 ) (0 0 576 ) (0 -368 576 ) (-368 -368 576 ) 
4 151 154 (-256 -368 576 ) (0 -368 576 ) (0 -368 640 ) (-256 -368 640 ) 
4 151 152 (-368 0 576 ) (-368 -256 576 ) (-368 -256 640 ) (-368 0 640 ) 
4 152 157 (-384 0 576 ) (-368 0 576 ) (-368 -64 576 ) (-384 -64 576 ) 
4 152 153 (-384 0 576 ) (-384 -256 576 ) (-384 -256 640 ) (-384 0 640 ) 
4 153 205 (-1024 -368 640 ) (-1024 0 640 ) (-1024 0 576 ) (-1024 -368 576 ) 
4 153 158 (-480 0 576 ) (-384 0 576 ) (-384 -64 576 ) (-480 -64 576 ) 
4 153 159 (-384 -80 576 ) (-384 -368 576 ) (-480 -368 576 ) (-480 -80 576 ) 
4 153 160 (-1024 -368 576 ) (-1024 0 576 ) (-480 0 576 ) (-480 -368 576 ) 
4 153 155 (-1024 -368 576 ) (-384 -368 576 ) (-384 -368 640 ) (-1024 -368 640 ) 
4 154 181 (-256 -384 576 ) (0 -384 576 ) (0 -384 640 ) (-256 -384 640 ) 
4 155 205 (-1024 -384 576 ) (-1024 -384 640 ) (-1024 -368 640 ) (-1024 -368 576 ) 
4 155 181 (-1024 -384 640 ) (-1024 -384 576 ) (-384 -384 576 ) (-384 -384 640 ) 
4 155 159 (-384 -384 576 ) (-480 -384 576 ) (-480 -368 576 ) (-384 -368 576 ) 
4 155 160 (-480 -384 576 ) (-1024 -384 576 ) (-1024 -368 576 ) (-480 -368 576 ) 
4 156 157 (-368 0 512 ) (-368 -64 512 ) (-368 -64 576 ) (-368 0 576 ) 
4 157 158 (-384 0 512 ) (-384 -64 512 ) (-384 -64 576 ) (-384 0 576 ) 
4 158 160 (-480 0 512 ) (-480 -64 512 ) (-480 -64 576 ) (-480 0 576 ) 
4 159 181 (-480 -384 512 ) (-384 -384 512 ) (-384 -384 576 ) (-480 -384 576 ) 
4 159 168 (-384 -384 512 ) (-480 -384 512 ) (-480 -352 512 ) (-384 -352 512 ) 
4 159 163 (-480 -352 512 ) (-480 -80 512 ) (-384 -80 512 ) (-384 -352 512 ) 
4 159 160 (-480 -80 512 ) (-480 -384 512 ) (-480 -384 576 ) (-480 -80 576 ) 
4 160 205 (-1024 -384 512 ) (-1024 -384 576 ) (-1024 0 576 ) (-1024 0 512 ) 
4 160 181 (-1024 -384 576 ) (-1024 -384 512 ) (-480 -384 512 ) (-480 -384 576 ) 
4 160 170 (-480 -384 512 ) (-1024 -384 512 ) (-1024 -352 512 ) (-480 -352 512 ) 
4 160 166 (-1024 -352 512 ) (-1024 0 512 ) (-480 0 512 ) (-480 -352 512 ) 
4 161 162 (-64 -64 256 ) (-64 -352 256 ) (-64 -352 480 ) (-64 -64 480 ) 
4 162 176 (-256 -64 256 ) (-256 -256 256 ) (-352 -256 256 ) (-352 -64 256 ) 
4 162 167 (-96 -352 304 ) (-96 -352 416 ) (-224 -352 416 ) (-224 -352 304 ) 
4 163 168 (-384 -352 496 ) (-384 -352 512 ) (-480 -352 512 ) (-480 -352 496 ) 
4 163 164 (-480 -352 496 ) (-480 -64 496 ) (-384 -64 496 ) (-384 -352 496 ) 
4 163 166 (-480 -352 496 ) (-480 -352 512 ) (-480 -64 512 ) (-480 -64 496 ) 
4 164 168 (-384 -352 439.333344 ) (-384 -352 496 ) (-480 -352 496 ) (-480 -352 439.333344 ) 
4 164 166 (-480 -352 439.333344 ) (-480 -352 496 ) (-480 0 496 ) (-480 0 344 ) 
4 165 177 (-480 0 256 ) (-384 0 256 ) (-384 -352 256 ) (-480 -352 256 ) 
4 165 169 (-480 -352 256 ) (-384 -352 256 ) (-384 -352 423.333344 ) (-480 -352 423.333344 ) 
4 165 166 (-480 0 256 ) (-480 -352 256 ) (-480 -352 423.333344 ) (-480 0 328 ) 
4 166 205 (-1024 -352 512 ) (-1024 0 512 ) (-1024 0 384 ) (-1024 -352 384 ) 
4 166 178 (-1024 -352 256 ) (-1024 0 256 ) (-480 0 256 ) (-480 -352 256 ) 
4 166 170 (-1024 -352 256 ) (-480 -352 256 ) (-480 -352 512 ) (-1024 -352 512 ) 
4 167 184 (-96 -384 304 ) (-96 -384 416 ) (-224 -384 416 ) (-224 -384 304 ) 
4 168 181 (-384 -384 448 ) (-384 -384 512 ) (-480 -384 512 ) (-480 -384 448 ) 
4 168 170 (-480 -352 512 ) (-480 -352 439.333344 ) (-480 -384 448 ) (-480 -384 512 ) 
4 169 188 (-480 -384 256 ) (-384 -384 256 ) (-384 -384 432 ) (-480 -384 432 ) 
4 169 177 (-384 -384 256 ) (-480 -384 256 ) (-480 -352 256 ) (-384 -352 256 ) 
4 169 170 (-480 -352 423.333344 ) (-480 -352 256 ) (-480 -384 256 ) (-480 -384 432 ) 
4 170 205 (-1024 -384 384 ) (-1024 -384 512 ) (-1024 -352 512 ) (-1024 -352 384 ) 
4 170 189 (-1024 -384 432 ) (-1024 -384 256 ) (-480 -384 256 ) (-480 -384 432 ) 
4 170 182 (-1024 -384 448 ) (-1024 -384 432 ) (-480 -384 432 ) (-480 -384 448 ) 
4 170 181 (-1024 -384 512 ) (-1024 -384 448 ) (-480 -384 448 ) (-480 -384 512 ) 
4 170 178 (-480 -384 256 ) (-1024 -384 256 ) (-1024 -352 256 ) (-480 -352 256 ) 
4 171 175 (-256 -64 96 ) (-256 -64 224 ) (-256 0 224 ) (-256 0 96 ) 
4 171 173 (-256 -64 224 ) (-256 -64 96 ) (-128 -64 96 ) (-128 -64 224 ) 
4 171 172 (-128 -64 96 ) (-64 -64 96 ) (-64 -64 224 ) (-128 -64 224 ) 
4 172 174 (-96 -352 0 ) (0 -352 0 ) (0 -352 192 ) (-96 -352 192 ) 
5 172 173 (-128 -352 0 ) (-128 -352 224 ) (-128 -64 224 ) (-128 -64 96 ) (-128 -256 0 ) 
3 173 176 (-256 -217.600006 224 ) (-256 -64 224 ) (-256 -64 96 ) 
4 174 187 (-96 -384 0 ) (0 -384 0 ) (0 -384 192 ) (-96 -384 192 ) 
4 175 176 (-352 -64 224 ) (-352 -64 96 ) (-256 -64 96 ) (-256 -64 224 ) 
4 177 188 (-384 -384 64 ) (-384 -384 256 ) (-480 -384 256 ) (-480 -384 64 ) 
5 177 178 (-480 0 0 ) (-480 -256 0 ) (-480 -384 64 ) (-480 -384 256 ) (-480 0 256 ) 
4 178 189 (-1024 -384 256 ) (-1024 -384 0 ) (-480 -384 0 ) (-480 -384 256 ) 
4 178 179 (-512 -384 0 ) (-1024 -384 0 ) (-1024 0 0 ) (-512 0 0 ) 
4 180 207 (-1024 -384 -9216 ) (-1024 -384 -128 ) (-1024 0 -128 ) (-1024 0 -9216 ) 
4 180 191 (-1024 -384 -128 ) (-1024 -384 -9216 ) (0 -384 -9216 ) (0 -384 -128 ) 
4 181 205 (-1024 -1024 448 ) (-1024 -1024 9216 ) (-1024 -384 9216 ) (-1024 -384 448 ) 
4 181 197 (0 -1024 448 ) (0 -1024 9216 ) (-1024 -1024 9216 ) (-1024 -1024 448 ) 
4 181 182 (-1024 -480 448 ) (-1024 -384 448 ) (-480 -384 448 ) (-480 -480 448 ) 
4 181 183 (-1024 -1024 448 ) (-1024 -480 448 ) (0 -480 448 ) (0 -1024 448 ) 
4 182 205 (-1024 -480 448 ) (-1024 -384 448 ) (-1024 -384 432 ) (-1024 -480 432 ) 
4 182 189 (-1024 -480 432 ) (-1024 -384 432 ) (-480 -384 432 ) (-480 -480 432 ) 
4 182 183 (-1024 -480 432 ) (-480 -480 432 ) (-480 -480 448 ) (-1024 -480 448 ) 
4 183 205 (-1024 -1024 432 ) (-1024 -1024 448 ) (-1024 -480 448 ) (-1024 -480 432 ) 
4 183 197 (0 -1024 432 ) (0 -1024 448 ) (-1024 -1024 448 ) (-1024 -1024 432 ) 
4 183 190 (0 -1024 432 ) (-1024 -1024 432 ) (-1024 -480 432 ) (0 -480 432 ) 
4 184 188 (-384 -480 240 ) (-384 -480 432 ) (-384 -384 432 ) (-384 -384 240 ) 
4 184 185 (-96 -480 240 ) (-384 -480 240 ) (-384 -384 240 ) (-96 -384 240 ) 
4 184 190 (0 -480 240 ) (0 -480 432 ) (-384 -480 432 ) (-384 -480 240 ) 
4 185 188 (-384 -480 224 ) (-384 -480 240 ) (-384 -384 240 ) (-384 -384 224 ) 
4 185 186 (-122.181808 -480 224 ) (-384 -480 224 ) (-384 -384 224 ) (-122.181824 -384 224 ) 
4 185 190 (-96 -480 240 ) (-384 -480 240 ) (-384 -480 224 ) (-122.181824 -480 224 ) 
4 186 188 (-384 -480 64 ) (-384 -480 224 ) (-384 -384 224 ) (-384 -384 64 ) 
3 186 190 (-122.181808 -480 224 ) (-384 -480 224 ) (-384 -480 64 ) 
5 187 190 (-384 -480 0 ) (0 -480 0 ) (0 -480 224 ) (-96 -480 224 ) (-384 -480 48 ) 
4 188 189 (-480 -480 64 ) (-480 -480 432 ) (-480 -384 432 ) (-480 -384 64 ) 
4 188 190 (-384 -480 64 ) (-384 -480 432 ) (-480 -480 432 ) (-480 -480 64 ) 
4 189 205 (-1024 -480 432 ) (-1024 -384 432 ) (-1024 -384 384 ) (-1024 -480 384 ) 
4 189 190 (-1024 -480 0 ) (-480 -480 0 ) (-480 -480 432 ) (-1024 -480 432 ) 
4 190 205 (-1024 -1024 384 ) (-1024 -1024 432 ) (-1024 -480 432 ) (-1024 -480 384 ) 
4 190 197 (0 -1024 0 ) (0 -1024 432 ) (-1024 -1024 432 ) (-1024 -1024 0 ) 
4 191 207 (-1024 -1024 -9216 ) (-1024 -1024 -96 ) (-1024 -384 -96 ) (-1024 -384 -9216 ) 
4 191 198 (0 -1024 -9216 ) (0 -1024 -32 ) (-1024 -1024 -32 ) (-1024 -1024 -9216 ) 
4 192 197 (0 -1536 0 ) (0 -1536 9216 ) (0 -1024 9216 ) (0 -1024 0 ) 
4 192 194 (1024 -1536 384 ) (1024 -1536 9216 ) (0 -1536 9216 ) (0 -1536 384 ) 
4 193 198 (0 -1536 -9216 ) (0 -1536 -32 ) (0 -1024 -32 ) (0 -1024 -9216 ) 
4 193 196 (1024 -1536 -9216 ) (1024 -1536 -96 ) (0 -1536 -96 ) (0 -1536 -9216 ) 
4 194 199 (0 -1568 9216 ) (0 -1536 9216 ) (0 -1536 384 ) (0 -1568 384 ) 
4 194 195 (1024 -1568 384 ) (1024 -1568 9216 ) (0 -1568 9216 ) (0 -1568 384 ) 
4 195 200 (0 -1843.199951 -96 ) (0 -1843.199951 9216 ) (0 -1568 9216 ) (0 -1568 -96 ) 
4 195 196 (1024 -1843.199951 -96 ) (0 -1843.199951 -96 ) (0 -1568 -96 ) (1024 -1568 -96 ) 
4 196 201 (0 -1843.199951 -9216 ) (0 -1843.199951 -96 ) (0 -1536 -96 ) (0 -1536 -9216 ) 
4 197 210 (-1024 -1536 384 ) (-1024 -1536 9216 ) (-1024 -1024 9216 ) (-1024 -1024 384 ) 
4 197 199 (0 -1536 384 ) (0 -1536 9216 ) (-1024 -1536 9216 ) (-1024 -1536 384 ) 
4 198 215 (-1024 -1536 -9216 ) (-1024 -1536 -96 ) (-1024 -1024 -96 ) (-1024 -1024 -9216 ) 
4 198 201 (0 -1536 -9216 ) (0 -1536 -96 ) (-1024 -1536 -96 ) (-1024 -1536 -9216 ) 
4 199 212 (-1024 -1568 9216 ) (-1024 -1536 9216 ) (-1024 -1536 384 ) (-1024 -1568 384 ) 
4 199 200 (0 -1568 384 ) (0 -1568 9216 ) (-1024 -1568 9216 ) (-1024 -1568 384 ) 
4 200 213 (-1024 -1843.199951 -96 ) (-1024 -1843.199951 9216 ) (-1024 -1568 9216 ) (-1024 -1568 -96 ) 
4 200 201 (0 -1843.199951 -96 ) (-1024 -1843.199951 -96 ) (-1024 -1568 -96 ) (0 -1568 -96 ) 
4 201 215 (-1024 -1843.199951 -9216 ) (-1024 -1843.199951 -96 ) (-1024 -1536 -96 ) (-1024 -1536 -9216 ) 
4 202 205 (-1024 0 384 ) (-1024 0 9216 ) (-1056 0 9216 ) (-1056 0 384 ) 
4 202 203 (-1056 0 384 ) (-1056 0 9216 ) (-1056 1024 9216 ) (-1056 1024 384 ) 
4 203 208 (-2048 1024 9216 ) (-2048 1024 -96 ) (-2048 0 -96 ) (-2048 0 9216 ) 
4 203 206 (-1056 0 9216 ) (-2048 0 9216 ) (-2048 0 -96 ) (-1056 0 -96 ) 
4 203 204 (-1056 0 -96 ) (-2048 0 -96 ) (-2048 1024 -96 ) (-1056 1024 -96 ) 
4 204 208 (-2048 1024 -96 ) (-2048 1024 -9216 ) (-2048 0 -9216 ) (-2048 0 -96 ) 
4 204 207 (-1024 0 -9216 ) (-1024 0 -96 ) (-2048 0 -96 ) (-2048 0 -9216 ) 
4 205 210 (-1024 -1024 384 ) (-1024 -1024 9216 ) (-1056 -1024 9216 ) (-1056 -1024 384 ) 
4 205 206 (-1056 -1024 384 ) (-1056 -1024 9216 ) (-1056 0 9216 ) (-1056 0 384 ) 
4 206 211 (-1056 -1024 9216 ) (-2048 -1024 9216 ) (-2048 -1024 -96 ) (-1056 -1024 -96 ) 
4 206 209 (-2048 -1024 -96 ) (-2048 -1024 9216 ) (-2048 0 9216 ) (-2048 0 -96 ) 
4 206 207 (-1056 -1024 -96 ) (-2048 -1024 -96 ) (-2048 0 -96 ) (-1056 0 -96 ) 
4 207 215 (-1024 -1024 -9216 ) (-1024 -1024 -96 ) (-2048 -1024 -96 ) (-2048 -1024 -9216 ) 
4 207 209 (-2048 -1024 -9216 ) (-2048 -1024 -96 ) (-2048 0 -96 ) (-2048 0 -9216 ) 
4 208 209 (-2048 0 -9216 ) (-2048 0 9216 ) (-2764.800293 0 9216 ) (-2764.800293 0 -9216 ) 
4 209 216 (-2048 -1024 -9216 ) (-2048 -1024 9216 ) (-2764.800293 -1024 9216 ) (-2764.800293 -1024 -9216 ) 
4 210 212 (-1024 -1536 384 ) (-1024 -1536 9216 ) (-1056 -1536 9216 ) (-1056 -1536 384 ) 
4 210 211 (-1056 -1536 384 ) (-1056 -1536 9216 ) (-1056 -1024 9216 ) (-1056 -1024 384 ) 
4 211 216 (-2048 -1024 9216 ) (-2048 -1024 -96 ) (-2048 -1536 -96 ) (-2048 -1536 9216 ) 
4 211 215 (-2048 -1536 -96 ) (-2048 -1024 -96 ) (-1056 -1024 -96 ) (-1056 -1536 -96 ) 
4 211 214 (-2048 -1536 -96 ) (-1056 -1536 -96 ) (-1056 -1536 9216 ) (-2048 -1536 9216 ) 
4 212 213 (-1056 -1568 9216 ) (-1056 -1568 384 ) (-1024 -1568 384 ) (-1024 -1568 9216 ) 
4 212 214 (-1056 -1536 9216 ) (-1056 -1536 384 ) (-1056 -1568 384 ) (-1056 -1568 9216 ) 
4 213 215 (-1024 -1843.199951 -96 ) (-1056 -1843.199951 -96 ) (-1056 -1568 -96 ) (-1024 -1568 -96 ) 
4 213 214 (-1056 -1568 -96 ) (-1056 -1843.199951 -96 ) (-1056 -1843.199951 9216 ) (-1056 -1568 9216 ) 
4 214 216 (-2048 -1536 -96 ) (-2048 -1843.199951 -96 ) (-2048 -1843.199951 9216 ) (-2048 -1536 9216 ) 
4 214 215 (-1056 -1843.199951 -96 ) (-2048 -1843.199951 -96 ) (-2048 -1536 -96 ) (-1056 -1536 -96 ) 
4 215 216 (-2048 -1024 -96 ) (-2048 -1024 -9216 ) (-2048 -1843.199951 -9216 ) (-2048 -1843.199951 -96 ) 
